CS-M117-michaelChanges/Application/build/outputs/logs/manifest-merger-debug-report.txt
-- Merging decision tree log ---
manifest
ADDED from src/main/AndroidManifest.xml:18:1-67:12
INJECTED from src/main/AndroidManifest.xml:18:1-67:12
INJECTED from src/main/AndroidManifest.xml:18:1-67:12
MERGED from [com.android.support:appcompat-v7:25.0.1] AndroidManifest.xml:17:1-27:12
MERGED from [com.android.support:support-v4:25.0.1] AndroidManifest.xml:17:1-27:12
MERGED from [com.android.support:gridlayout-v7:25.0.1] AndroidManifest.xml:17:1-24:12
MERGED from [com.android.support:cardview-v7:25.0.1] AndroidManifest.xml:17:1-24:12
MERGED from [com.android.support:support-fragment:25.0.1] AndroidManifest.xml:17:1-27:12
MERGED from [com.android.support:support-media-compat:25.0.1] AndroidManifest.xml:17:1-27:12
MERGED from [com.android.support:support-core-utils:25.0.1] AndroidManifest.xml:17:1-27:12
MERGED from [com.android.support:support-core-ui:25.0.1] AndroidManifest.xml:17:1-27:12
MERGED from [com.android.support:animated-vector-drawable:25.0.1] AndroidManifest.xml:17:1-24:12
MERGED from [com.android.support:support-vector-drawable:25.0.1] AndroidManifest.xml:17:1-25:12
MERGED from [com.android.support:support-compat:25.0.1] AndroidManifest.xml:17:1-27:12
INJECTED from src/main/AndroidManifest.xml:18:1-67:12
INJECTED from src/main/AndroidManifest.xml:18:1-67:12
	package
		ADDED from src/main/AndroidManifest.xml:19:5-48
	android:versionName
		ADDED from src/main/AndroidManifest.xml:22:5-30
		INJECTED from src/main/AndroidManifest.xml
		INJECTED from src/main/AndroidManifest.xml
	xmlns:android
		ADDED from src/main/AndroidManifest.xml:20:5-63
	android:versionCode
		ADDED from src/main/AndroidManifest.xml:21:5-28
		INJECTED from src/main/AndroidManifest.xml
		INJECTED from src/main/AndroidManifest.xml
uses-permission#android.permission.BLUETOOTH_ADMIN
ADDED from src/main/AndroidManifest.xml:26:5-73
	android:name
		ADDED from src/main/AndroidManifest.xml:26:22-71
uses-permission#android.permission.BLUETOOTH
ADDED from src/main/AndroidManifest.xml:27:5-67
	android:name
		ADDED from src/main/AndroidManifest.xml:27:22-65
uses-permission#android.permission.ACCESS_FINE_LOCATION
ADDED from src/main/AndroidManifest.xml:28:5-78
	android:name
		ADDED from src/main/AndroidManifest.xml:28:22-76
uses-permission#android.permission.ACCESS_COARSE_LOCATION
ADDED from src/main/AndroidManifest.xml:29:5-81
	android:name
		ADDED from src/main/AndroidManifest.xml:29:22-78
uses-feature#android.hardware.location.gps
ADDED from src/main/AndroidManifest.xml:31:5-65
	android:name
		ADDED from src/main/AndroidManifest.xml:31:19-63
uses-permission#android.permission.ACCESS_NETWORK_STATE
ADDED from src/main/AndroidManifest.xml:33:5-79
	android:name
		ADDED from src/main/AndroidManifest.xml:33:22-76
uses-permission#android.permission.SEND_SMS
ADDED from src/main/AndroidManifest.xml:34:5-66
	android:name
		ADDED from src/main/AndroidManifest.xml:34:22-64
uses-permission#android.permission.RECEIVE_SMS
ADDED from src/main/AndroidManifest.xml:35:5-69
	android:name
		ADDED from src/main/AndroidManifest.xml:35:22-67
application
ADDED from src/main/AndroidManifest.xml:37:5-66:19
MERGED from [com.android.support:appcompat-v7:25.0.1] AndroidManifest.xml:25:5-20
MERGED from [com.android.support:appcompat-v7:25.0.1] AndroidManifest.xml:25:5-20
MERGED from [com.android.support:support-v4:25.0.1] AndroidManifest.xml:25:5-20
MERGED from [com.android.support:support-v4:25.0.1] AndroidManifest.xml:25:5-20
MERGED from [com.android.support:gridlayout-v7:25.0.1] AndroidManifest.xml:22:5-20
MERGED from [com.android.support:gridlayout-v7:25.0.1] AndroidManifest.xml:22:5-20
MERGED from [com.android.support:cardview-v7:25.0.1] AndroidManifest.xml:22:5-20
MERGED from [com.android.support:cardview-v7:25.0.1] AndroidManifest.xml:22:5-20
MERGED from [com.android.support:support-fragment:25.0.1] AndroidManifest.xml:25:5-20
MERGED from [com.android.support:support-fragment:25.0.1] AndroidManifest.xml:25:5-20
MERGED from [com.android.support:support-media-compat:25.0.1] AndroidManifest.xml:25:5-20
MERGED from [com.android.support:support-media-compat:25.0.1] AndroidManifest.xml:25:5-20
MERGED from [com.android.support:support-core-utils:25.0.1] AndroidManifest.xml:25:5-20
MERGED from [com.android.support:support-core-utils:25.0.1] AndroidManifest.xml:25:5-20
MERGED from [com.android.support:support-core-ui:25.0.1] AndroidManifest.xml:25:5-20
MERGED from [com.android.support:support-core-ui:25.0.1] AndroidManifest.xml:25:5-20
MERGED from [com.android.support:animated-vector-drawable:25.0.1] AndroidManifest.xml:22:5-20
MERGED from [com.android.support:animated-vector-drawable:25.0.1] AndroidManifest.xml:22:5-20
MERGED from [com.android.support:support-vector-drawable:25.0.1] AndroidManifest.xml:23:5-20
MERGED from [com.android.support:support-vector-drawable:25.0.1] AndroidManifest.xml:23:5-20
MERGED from [com.android.support:support-compat:25.0.1] AndroidManifest.xml:25:5-20
MERGED from [com.android.support:support-compat:25.0.1] AndroidManifest.xml:25:5-20
	android:label
		ADDED from src/main/AndroidManifest.xml:40:9-33
	android:icon
		ADDED from src/main/AndroidManifest.xml:39:9-42
	android:allowBackup
		ADDED from src/main/AndroidManifest.xml:38:9-35
	android:theme
		ADDED from src/main/AndroidManifest.xml:41:9-40
activity#com.example.android.bluetoothchat.MainActivity
ADDED from src/main/AndroidManifest.xml:42:9-50:20
	android:label
		ADDED from src/main/AndroidManifest.xml:45:13-37
	android:configChanges
		ADDED from src/main/AndroidManifest.xml:44:13-63
	android:name
		ADDED from src/main/AndroidManifest.xml:43:13-41
intent-filter#android.intent.action.MAIN+android.intent.category.LAUNCHER
ADDED from src/main/AndroidManifest.xml:46:13-49:29
action#android.intent.action.MAIN
ADDED from src/main/AndroidManifest.xml:47:17-68
	android:name
		ADDED from src/main/AndroidManifest.xml:47:25-66
category#android.intent.category.LAUNCHER
ADDED from src/main/AndroidManifest.xml:48:17-76
	android:name
		ADDED from src/main/AndroidManifest.xml:48:27-74
activity#com.example.android.bluetoothchat.VictimScreen
ADDED from src/main/AndroidManifest.xml:52:9-59
	android:name
		ADDED from src/main/AndroidManifest.xml:52:19-47
activity#com.example.android.bluetoothchat.ResponderScreen
ADDED from src/main/AndroidManifest.xml:53:9-62
	android:name
		ADDED from src/main/AndroidManifest.xml:53:19-50
activity#com.example.android.bluetoothchat.DeviceListActivity
ADDED from src/main/AndroidManifest.xml:54:9-58:63
	android:label
		ADDED from src/main/AndroidManifest.xml:57:13-50
	android:configChanges
		ADDED from src/main/AndroidManifest.xml:56:13-63
	android:theme
		ADDED from src/main/AndroidManifest.xml:58:13-61
	android:name
		ADDED from src/main/AndroidManifest.xml:55:13-47
activity#com.example.android.bluetoothchat.SMSActivity
ADDED from src/main/AndroidManifest.xml:60:9-58
	android:name
		ADDED from src/main/AndroidManifest.xml:60:19-46
receiver#com.example.android.bluetoothchat.ReceiverDemo
ADDED from src/main/AndroidManifest.xml:61:9-65:20
	android:enabled
		ADDED from src/main/AndroidManifest.xml:61:48-70
	android:name
		ADDED from src/main/AndroidManifest.xml:61:19-47
intent-filter#android.provider.Telephony.SMS_RECEIVED
ADDED from src/main/AndroidManifest.xml:62:13-64:29
action#android.provider.Telephony.SMS_RECEIVED
ADDED from src/main/AndroidManifest.xml:63:17-82
	android:name
		ADDED from src/main/AndroidManifest.xml:63:25-79
uses-sdk
INJECTED from src/main/AndroidManifest.xml reason: use-sdk injection requested
INJECTED from src/main/AndroidManifest.xml
INJECTED from src/main/AndroidManifest.xml
MERGED from [com.android.support:appcompat-v7:25.0.1] AndroidManifest.xml:21:5-23:78
MERGED from [com.android.support:appcompat-v7:25.0.1] AndroidManifest.xml:21:5-23:78
MERGED from [com.android.support:support-v4:25.0.1] AndroidManifest.xml:21:5-23:54
MERGED from [com.android.support:support-v4:25.0.1] AndroidManifest.xml:21:5-23:54
MERGED from [com.android.support:gridlayout-v7:25.0.1] AndroidManifest.xml:20:5-43
MERGED from [com.android.support:gridlayout-v7:25.0.1] AndroidManifest.xml:20:5-43
MERGED from [com.android.support:cardview-v7:25.0.1] AndroidManifest.xml:20:5-43
MERGED from [com.android.support:cardview-v7:25.0.1] AndroidManifest.xml:20:5-43
MERGED from [com.android.support:support-fragment:25.0.1] AndroidManifest.xml:21:5-23:60
MERGED from [com.android.support:support-fragment:25.0.1] AndroidManifest.xml:21:5-23:60
MERGED from [com.android.support:support-media-compat:25.0.1] AndroidManifest.xml:21:5-23:63
MERGED from [com.android.support:support-media-compat:25.0.1] AndroidManifest.xml:21:5-23:63
MERGED from [com.android.support:support-core-utils:25.0.1] AndroidManifest.xml:21:5-23:61
MERGED from [com.android.support:support-core-utils:25.0.1] AndroidManifest.xml:21:5-23:61
MERGED from [com.android.support:support-core-ui:25.0.1] AndroidManifest.xml:21:5-23:58
MERGED from [com.android.support:support-core-ui:25.0.1] AndroidManifest.xml:21:5-23:58
MERGED from [com.android.support:animated-vector-drawable:25.0.1] AndroidManifest.xml:20:5-44
MERGED from [com.android.support:animated-vector-drawable:25.0.1] AndroidManifest.xml:20:5-44
MERGED from [com.android.support:support-vector-drawable:25.0.1] AndroidManifest.xml:21:5-43
MERGED from [com.android.support:support-vector-drawable:25.0.1] AndroidManifest.xml:21:5-43
MERGED from [com.android.support:support-compat:25.0.1] AndroidManifest.xml:21:5-23:58
MERGED from [com.android.support:support-compat:25.0.1] AndroidManifest.xml:21:5-23:58
INJECTED from src/main/AndroidManifest.xml
INJECTED from src/main/AndroidManifest.xml
	tools:overrideLibrary
		ADDED from [com.android.support:appcompat-v7:25.0.1] AndroidManifest.xml:23:9-75
	android:targetSdkVersion
		INJECTED from src/main/AndroidManifest.xml
		ADDED from src/main/AndroidManifest.xml
		INJECTED from src/main/AndroidManifest.xml
	android:minSdkVersion
		INJECTED from src/main/AndroidManifest.xml
		ADDED from src/main/AndroidManifest.xml
		INJECTED from src/main/AndroidManifest.xml